<?xml version="1.0" encoding="utf-8"?><testsuites name="pytest tests"><testsuite name="pytest" errors="0" failures="0" skipped="0" tests="7" time="5.259" timestamp="2026-09-22T16:45:19.322382+00:00" hostname="agent-env-4b5d30c8-d6c5-4a5f-8ad8-c266057eebe4"><testcase classname="tests.test_support_signaling.TestAuthAndListing" name="test_admin_login" time="0.554" /><testcase classname="tests.test_support_signaling.TestAuthAndListing" name="test_me" time="0.559" /><testcase classname="tests.test_support_signaling.TestAuthAndListing" name="test_ice_servers" time="0.138" /><testcase classname="tests.test_support_signaling.TestDeviceRegistration" name="test_public_connect_creates_session" time="0.335" /><testcase classname="tests.test_support_signaling.TestDeviceRegistration" name="test_admin_sees_session_in_list" time="0.793" /><testcase classname="tests.test_support_signaling.TestReconnectSignalingContract" name="test_request_offer_roundtrip" time="1.390" /><testcase classname="tests.test_support_signaling.TestReconnectSignalingContract" name="test_viewer_only_reconnect_client_stays_passive" time="1.439" /></testsuite></testsuites>