<?xml version="1.0" encoding="utf-8"?><testsuites name="pytest tests"><testsuite name="pytest" errors="0" failures="2" skipped="0" tests="39" time="32.479" timestamp="2026-09-11T14:11:06.278571+00:00" hostname="agent-env-4b5d30c8-d6c5-4a5f-8ad8-c266057eebe4"><testcase classname="tests.backend_test" name="test_health" time="0.337" /><testcase classname="tests.backend_test" name="test_admin_login_returns_token_and_user" time="0.315" /><testcase classname="tests.backend_test" name="test_agente_login" time="0.309" /><testcase classname="tests.backend_test" name="test_wrong_password_rejected" time="0.081" /><testcase classname="tests.backend_test" name="test_bruteforce_lockout_returns_429" time="0.664"><failure message="AssertionError: expected 429 lockout, got [422, 422, 422, 422, 422, 422, 422]&#10;assert 429 in [422, 422, 422, 422, 422, 422, ...]">backend/tests/backend_test.py:89: in test_bruteforce_lockout_returns_429
    assert 429 in codes, f"expected 429 lockout, got {codes}"
E   AssertionError: expected 429 lockout, got [422, 422, 422, 422, 422, 422, 422]
E   assert 429 in [422, 422, 422, 422, 422, 422, ...]</failure></testcase><testcase classname="tests.backend_test" name="test_me_endpoint" time="0.441" /><testcase classname="tests.backend_test" name="test_me_requires_token" time="0.402" /><testcase classname="tests.backend_test" name="test_agente_cannot_list_users" time="0.432" /><testcase classname="tests.backend_test" name="test_admin_can_list_users" time="0.086" /><testcase classname="tests.backend_test" name="test_dashboard" time="0.112" /><testcase classname="tests.backend_test" name="test_client_created_and_retrieved" time="0.193" /><testcase classname="tests.backend_test" name="test_client_listed" time="0.089" /><testcase classname="tests.backend_test" name="test_next_number_format" time="0.093" /><testcase classname="tests.backend_test" name="test_invoice_totals_computed" time="0.113" /><testcase classname="tests.backend_test" name="test_invoice_number_generated" time="0.000" /><testcase classname="tests.backend_test" name="test_next_number_increments_after_create" time="0.084" /><testcase classname="tests.backend_test" name="test_invoice_status_change" time="0.268" /><testcase classname="tests.backend_test" name="test_invoice_status_invalid" time="0.000"><failure message="NameError: name 'iid_or_none' is not defined">backend/tests/backend_test.py:216: in test_invoice_status_invalid
    r = s.patch(f"{API}/invoices/{iid_or_none := created_invoice['id']}/status",
                                  ^^^^^^^^^^^
E   NameError: name 'iid_or_none' is not defined</failure></testcase><testcase classname="tests.backend_test" name="test_public_invoice_by_number" time="0.170" /><testcase classname="tests.backend_test" name="test_public_invoice_not_found" time="0.222" /><testcase classname="tests.backend_test" name="test_tenant_isolation_get_invoice" time="0.091" /><testcase classname="tests.backend_test" name="test_public_emit_invoice" time="0.146" /><testcase classname="tests.backend_test" name="test_upload_and_list" time="0.351" /><testcase classname="tests.backend_test" name="test_public_upload" time="0.196" /><testcase classname="tests.backend_test" name="test_proof_submission_and_accept" time="0.426" /><testcase classname="tests.backend_test" name="test_contract_crud" time="0.273" /><testcase classname="tests.backend_test" name="test_template_crud" time="0.200" /><testcase classname="tests.backend_test" name="test_reports_filter" time="0.107" /><testcase classname="tests.backend_test" name="test_reports_export_csv" time="0.103" /><testcase classname="tests.backend_test" name="test_reports_export_xlsx" time="0.128" /><testcase classname="tests.backend_test" name="test_history" time="0.083" /><testcase classname="tests.backend_test" name="test_settings_get_and_admin_put" time="0.251" /><testcase classname="tests.backend_test" name="test_calc_entry_bonus_and_total" time="0.202" /><testcase classname="tests.backend_test" name="test_calc_export" time="0.100" /><testcase classname="tests.backend_test" name="test_monitor_stats" time="0.095" /><testcase classname="tests.backend_test" name="test_crypto_market" time="0.681" /><testcase classname="tests.backend_test" name="test_crypto_watchlist_add_remove" time="0.275" /><testcase classname="tests.backend_test" name="test_crypto_history" time="0.093" /><testcase classname="tests.backend_test" name="test_crypto_analysis_generates" time="23.569" /></testsuite></testsuites>